1658252253306	geckodriver	INFO	Listening on 127.0.0.1:59047
1658252253895	mozrunner::runner	INFO	Running command: "/usr/bin/firefox" "--marionette" "--remote-debugging-port" "50095" "--remote-allow-hosts" "localhost" "-no-remote" "-profile" "/tmp/rust_mozprofilecsKQjW"
ATTENTION: default value of option mesa_glthread overridden by environment.
ATTENTION: default value of option mesa_glthread overridden by environment.
ATTENTION: default value of option mesa_glthread overridden by environment.
ATTENTION: default value of option mesa_glthread overridden by environment.
1658252254819	Marionette	INFO	Marionette enabled
1658252254822	Marionette	INFO	Listening on port 33937
WebDriver BiDi listening on ws://localhost:50095
Read port: 33937
1658252254981	RemoteAgent	WARN	TLS certificate errors will be ignored for this session
console.warn: SearchSettings: "get: No settings file exists, new profile?" (new NotFoundError("Could not open the file at /tmp/rust_mozprofilecsKQjW/search.json.mozlz4", (void 0)))
Missing chrome or resource URL: resource://gre/modules/UpdateListener.jsm
Missing chrome or resource URL: resource://gre/modules/UpdateListener.sys.mjs
DevTools listening on ws://localhost:50095/devtools/browser/e15347f0-8582-4952-a231-e9d17684d4f3
JavaScript error: https://barra.brasil.gov.br/barra.js?cor=verde, line 1: TypeError: document.getElementById(...) is null
JavaScript warning: https://vlibras.gov.br/app2/vlibras-plugin.js, line 81: unreachable code after return statement
JavaScript error: https://barra.brasil.gov.br/barra.js?cor=verde, line 1: TypeError: document.getElementById(...) is null
JavaScript warning: https://vlibras.gov.br/app2/vlibras-plugin.js, line 81: unreachable code after return statement
1658252267386	Marionette	WARN	Ignoring event 'pageshow' because document has an invalid readyState of 'uninitialized'.
1658252267401	Marionette	WARN	Ignoring event 'pageshow' because document has an invalid readyState of 'uninitialized'.
1658252267404	Marionette	WARN	Ignoring event 'pageshow' because document has an invalid readyState of 'uninitialized'.
1658252268348	Marionette	INFO	Stopped listening on port 33937
Missing chrome or resource URL: resource://gre/modules/UpdateListener.jsm
Missing chrome or resource URL: resource://gre/modules/UpdateListener.sys.mjs
console.error: "Error during quit-application-granted: [Exception... \"File error: Not found\"  nsresult: \"0x80520012 (NS_ERROR_FILE_NOT_FOUND)\"  location: \"JS frame :: resource:///modules/BrowserGlue.jsm :: _onQuitApplicationGranted/tasks< :: line 1996\"  data: no]"
1658252269080	geckodriver	INFO	Listening on 127.0.0.1:45033
1658252269621	mozrunner::runner	INFO	Running command: "/usr/bin/firefox" "--marionette" "--remote-debugging-port" "37147" "--remote-allow-hosts" "localhost" "-no-remote" "-profile" "/tmp/rust_mozprofileme9iqK"
ATTENTION: default value of option mesa_glthread overridden by environment.
ATTENTION: default value of option mesa_glthread overridden by environment.
ATTENTION: default value of option mesa_glthread overridden by environment.
ATTENTION: default value of option mesa_glthread overridden by environment.
1658252270341	Marionette	INFO	Marionette enabled
1658252270345	Marionette	INFO	Listening on port 40823
WebDriver BiDi listening on ws://localhost:37147
Read port: 40823
1658252270465	RemoteAgent	WARN	TLS certificate errors will be ignored for this session
console.warn: SearchSettings: "get: No settings file exists, new profile?" (new NotFoundError("Could not open the file at /tmp/rust_mozprofileme9iqK/search.json.mozlz4", (void 0)))
Missing chrome or resource URL: resource://gre/modules/UpdateListener.jsm
Missing chrome or resource URL: resource://gre/modules/UpdateListener.sys.mjs
DevTools listening on ws://localhost:37147/devtools/browser/31394431-6e75-4542-b67b-6498595657cc
Missing chrome or resource URL: resource://gre/modules/UpdateListener.jsm
Missing chrome or resource URL: resource://gre/modules/UpdateListener.sys.mjs
console.error: "Error during quit-application-granted: [Exception... \"File error: Not found\"  nsresult: \"0x80520012 (NS_ERROR_FILE_NOT_FOUND)\"  location: \"JS frame :: resource:///modules/BrowserGlue.jsm :: _onQuitApplicationGranted/tasks< :: line 1996\"  data: no]"
1658252358489	Marionette	INFO	Stopped listening on port 40823
console.warn: TopSitesFeed: Failed to fetch data from Contile server: NetworkError when attempting to fetch resource.
Sandbox: Unexpected EOF, op 0 flags 00 path /proc/cpuinfo
1658252683767	geckodriver	INFO	Listening on 127.0.0.1:53557
1658252684317	mozrunner::runner	INFO	Running command: "/usr/bin/firefox" "--marionette" "--remote-debugging-port" "49955" "--remote-allow-hosts" "localhost" "-no-remote" "-profile" "/tmp/rust_mozprofilenM64Uf"
ATTENTION: default value of option mesa_glthread overridden by environment.
ATTENTION: default value of option mesa_glthread overridden by environment.
ATTENTION: default value of option mesa_glthread overridden by environment.
ATTENTION: default value of option mesa_glthread overridden by environment.
1658252684976	Marionette	INFO	Marionette enabled
1658252684979	Marionette	INFO	Listening on port 36067
WebDriver BiDi listening on ws://localhost:49955
Read port: 36067
1658252685080	RemoteAgent	WARN	TLS certificate errors will be ignored for this session
console.warn: SearchSettings: "get: No settings file exists, new profile?" (new NotFoundError("Could not open the file at /tmp/rust_mozprofilenM64Uf/search.json.mozlz4", (void 0)))
Missing chrome or resource URL: resource://gre/modules/UpdateListener.jsm
Missing chrome or resource URL: resource://gre/modules/UpdateListener.sys.mjs
DevTools listening on ws://localhost:49955/devtools/browser/6b7dfd4e-25e2-4eb8-a7d6-13edb3111fd7
JavaScript error: https://barra.brasil.gov.br/barra.js?cor=verde, line 1: TypeError: document.getElementById(...) is null
Exiting due to channel error.
Exiting due to channel error.
Exiting due to channel error.
1658252820451	geckodriver	INFO	Listening on 127.0.0.1:56101
1658252820985	mozrunner::runner	INFO	Running command: "/usr/bin/firefox" "--marionette" "--remote-debugging-port" "57543" "--remote-allow-hosts" "localhost" "-no-remote" "-profile" "/tmp/rust_mozprofileIPDJ22"
ATTENTION: default value of option mesa_glthread overridden by environment.
ATTENTION: default value of option mesa_glthread overridden by environment.
ATTENTION: default value of option mesa_glthread overridden by environment.
ATTENTION: default value of option mesa_glthread overridden by environment.
1658252821644	Marionette	INFO	Marionette enabled
1658252821647	Marionette	INFO	Listening on port 43655
WebDriver BiDi listening on ws://localhost:57543
Read port: 43655
1658252821745	RemoteAgent	WARN	TLS certificate errors will be ignored for this session
console.warn: SearchSettings: "get: No settings file exists, new profile?" (new NotFoundError("Could not open the file at /tmp/rust_mozprofileIPDJ22/search.json.mozlz4", (void 0)))
Missing chrome or resource URL: resource://gre/modules/UpdateListener.jsm
Missing chrome or resource URL: resource://gre/modules/UpdateListener.sys.mjs
DevTools listening on ws://localhost:57543/devtools/browser/1fc3f32f-5caa-4ca1-8ddb-c915319992c5
JavaScript error: https://barra.brasil.gov.br/barra.js?cor=verde, line 1: TypeError: document.getElementById(...) is null
1658252829176	Marionette	WARN	TimedPromise timed out after 500 ms: stacktrace:
TimedPromise/<@chrome://remote/content/marionette/sync.js:234:19
TimedPromise@chrome://remote/content/marionette/sync.js:219:10
interaction.flushEventLoop@chrome://remote/content/marionette/interaction.js:431:10
webdriverClickElement@chrome://remote/content/marionette/interaction.js:179:31
JavaScript warning: https://vlibras.gov.br/app2/vlibras-plugin.js, line 81: unreachable code after return statement
1658252894655	geckodriver	INFO	Listening on 127.0.0.1:50873
1658252895215	mozrunner::runner	INFO	Running command: "/usr/bin/firefox" "--marionette" "--remote-debugging-port" "46645" "--remote-allow-hosts" "localhost" "-no-remote" "-profile" "/tmp/rust_mozprofilexmkhfA"
ATTENTION: default value of option mesa_glthread overridden by environment.
ATTENTION: default value of option mesa_glthread overridden by environment.
ATTENTION: default value of option mesa_glthread overridden by environment.
ATTENTION: default value of option mesa_glthread overridden by environment.
1658252896097	Marionette	INFO	Marionette enabled
1658252896101	Marionette	INFO	Listening on port 39467
WebDriver BiDi listening on ws://localhost:46645
Read port: 39467
1658252896217	RemoteAgent	WARN	TLS certificate errors will be ignored for this session
console.warn: SearchSettings: "get: No settings file exists, new profile?" (new NotFoundError("Could not open the file at /tmp/rust_mozprofilexmkhfA/search.json.mozlz4", (void 0)))
Missing chrome or resource URL: resource://gre/modules/UpdateListener.jsm
Missing chrome or resource URL: resource://gre/modules/UpdateListener.sys.mjs
DevTools listening on ws://localhost:46645/devtools/browser/ff7febff-dc4e-4708-bfa4-ef539d233e35
JavaScript error: https://barra.brasil.gov.br/barra.js?cor=verde, line 1: TypeError: document.getElementById(...) is null
JavaScript error: https://barra.brasil.gov.br/barra.js?cor=verde, line 1: TypeError: document.getElementById(...) is null
Missing chrome or resource URL: resource://gre/modules/UpdateListener.jsm
Missing chrome or resource URL: resource://gre/modules/UpdateListener.sys.mjs
console.error: "Error during quit-application-granted: [Exception... \"File error: Not found\"  nsresult: \"0x80520012 (NS_ERROR_FILE_NOT_FOUND)\"  location: \"JS frame :: resource:///modules/BrowserGlue.jsm :: _onQuitApplicationGranted/tasks< :: line 1996\"  data: no]"
1658252901384	Marionette	INFO	Stopped listening on port 43655
console.warn: TopSitesFeed: Failed to fetch data from Contile server: NetworkError when attempting to fetch resource.
1658252901492	Marionette	WARN	Ignoring event 'pageshow' because document has an invalid readyState of 'uninitialized'.
1658252901497	Marionette	WARN	Ignoring event 'pageshow' because document has an invalid readyState of 'uninitialized'.
1658252901498	Marionette	WARN	Ignoring event 'pageshow' because document has an invalid readyState of 'uninitialized'.
Sandbox: Unexpected EOF, op 0 flags 00 path /proc/cpuinfo
JavaScript warning: https://vlibras.gov.br/app2/vlibras-plugin.js, line 81: unreachable code after return statement
1658252904104	Marionette	INFO	Stopped listening on port 39467
Missing chrome or resource URL: resource://gre/modules/UpdateListener.jsm
Missing chrome or resource URL: resource://gre/modules/UpdateListener.sys.mjs
console.error: "Error during quit-application-granted: [Exception... \"File error: Not found\"  nsresult: \"0x80520012 (NS_ERROR_FILE_NOT_FOUND)\"  location: \"JS frame :: resource:///modules/BrowserGlue.jsm :: _onQuitApplicationGranted/tasks< :: line 1996\"  data: no]"
1658252905651	geckodriver	INFO	Listening on 127.0.0.1:52919
1658252906190	mozrunner::runner	INFO	Running command: "/usr/bin/firefox" "--marionette" "--remote-debugging-port" "52743" "--remote-allow-hosts" "localhost" "-no-remote" "-profile" "/tmp/rust_mozprofileOiJtH3"
ATTENTION: default value of option mesa_glthread overridden by environment.
ATTENTION: default value of option mesa_glthread overridden by environment.
ATTENTION: default value of option mesa_glthread overridden by environment.
ATTENTION: default value of option mesa_glthread overridden by environment.
1658252906847	Marionette	INFO	Marionette enabled
1658252906852	Marionette	INFO	Listening on port 37331
WebDriver BiDi listening on ws://localhost:52743
Read port: 37331
1658252906951	RemoteAgent	WARN	TLS certificate errors will be ignored for this session
console.warn: SearchSettings: "get: No settings file exists, new profile?" (new NotFoundError("Could not open the file at /tmp/rust_mozprofileOiJtH3/search.json.mozlz4", (void 0)))
Missing chrome or resource URL: resource://gre/modules/UpdateListener.jsm
Missing chrome or resource URL: resource://gre/modules/UpdateListener.sys.mjs
DevTools listening on ws://localhost:52743/devtools/browser/faafdb3f-2d90-43a7-9401-0c0944abf60d
JavaScript error: https://barra.brasil.gov.br/barra.js?cor=verde, line 1: TypeError: document.getElementById(...) is null
1658252911401	Marionette	WARN	Ignoring event 'DOMContentLoaded' because document has an invalid readyState of 'complete'.
1658252911845	Marionette	WARN	TimedPromise timed out after 500 ms: stacktrace:
TimedPromise/<@chrome://remote/content/marionette/sync.js:234:19
TimedPromise@chrome://remote/content/marionette/sync.js:219:10
interaction.flushEventLoop@chrome://remote/content/marionette/interaction.js:431:10
webdriverClickElement@chrome://remote/content/marionette/interaction.js:179:31
JavaScript error: https://www.ifgoiano.edu.br/home/media/system/js/mootools-more.js, line 13: ReferenceError: MooTools is not defined
JavaScript error: https://barra.brasil.gov.br/barra.js?cor=verde, line 1: TypeError: document.getElementById(...) is null
JavaScript error: https://www.ifgoiano.edu.br/home/index.php/component/content/category/160-noticias-anteriores.html, line 83: ReferenceError: Tips is not defined
JavaScript warning: https://vlibras.gov.br/app2/vlibras-plugin.js, line 81: unreachable code after return statement
JavaScript error: https://barra.brasil.gov.br/barra.js?cor=verde, line 1: TypeError: document.getElementById(...) is null
JavaScript warning: https://vlibras.gov.br/app2/vlibras-plugin.js, line 81: unreachable code after return statement
1658252942697	Marionette	WARN	Ignoring event 'pageshow' because document has an invalid readyState of 'uninitialized'.
1658252942701	Marionette	WARN	Ignoring event 'pageshow' because document has an invalid readyState of 'uninitialized'.
1658252942704	Marionette	WARN	Ignoring event 'pageshow' because document has an invalid readyState of 'uninitialized'.
JavaScript error: https://www.ifgoiano.edu.br/home/media/system/js/mootools-more.js, line 13: ReferenceError: MooTools is not defined
JavaScript error: https://barra.brasil.gov.br/barra.js?cor=verde, line 1: TypeError: document.getElementById(...) is null
JavaScript error: https://www.ifgoiano.edu.br/home/index.php/component/content/category/160-noticias-anteriores.html, line 83: ReferenceError: Tips is not defined
JavaScript warning: https://vlibras.gov.br/app2/vlibras-plugin.js, line 81: unreachable code after return statement
Exiting due to channel error.
Exiting due to channel error.
Exiting due to channel error.
1658253175079	geckodriver	INFO	Listening on 127.0.0.1:50327
1658253175653	mozrunner::runner	INFO	Running command: "/usr/bin/firefox" "--marionette" "--remote-debugging-port" "33469" "--remote-allow-hosts" "localhost" "-no-remote" "-profile" "/tmp/rust_mozprofileUZaiXk"
ATTENTION: default value of option mesa_glthread overridden by environment.
ATTENTION: default value of option mesa_glthread overridden by environment.
ATTENTION: default value of option mesa_glthread overridden by environment.
ATTENTION: default value of option mesa_glthread overridden by environment.
1658253176386	Marionette	INFO	Marionette enabled
1658253176390	Marionette	INFO	Listening on port 43279
WebDriver BiDi listening on ws://localhost:33469
Read port: 43279
1658253176495	RemoteAgent	WARN	TLS certificate errors will be ignored for this session
console.warn: SearchSettings: "get: No settings file exists, new profile?" (new NotFoundError("Could not open the file at /tmp/rust_mozprofileUZaiXk/search.json.mozlz4", (void 0)))
Missing chrome or resource URL: resource://gre/modules/UpdateListener.jsm
Missing chrome or resource URL: resource://gre/modules/UpdateListener.sys.mjs
DevTools listening on ws://localhost:33469/devtools/browser/69fa0447-0d0c-4168-a326-99f28b6472aa
JavaScript error: https://barra.brasil.gov.br/barra.js?cor=verde, line 1: TypeError: document.getElementById(...) is null
1658253196882	geckodriver	INFO	Listening on 127.0.0.1:40785
1658253197447	mozrunner::runner	INFO	Running command: "/usr/bin/firefox" "--marionette" "--remote-debugging-port" "43117" "--remote-allow-hosts" "localhost" "-no-remote" "-profile" "/tmp/rust_mozprofileqC3kwv"
ATTENTION: default value of option mesa_glthread overridden by environment.
ATTENTION: default value of option mesa_glthread overridden by environment.
ATTENTION: default value of option mesa_glthread overridden by environment.
ATTENTION: default value of option mesa_glthread overridden by environment.
1658253198139	Marionette	INFO	Marionette enabled
1658253198142	Marionette	INFO	Listening on port 41419
WebDriver BiDi listening on ws://localhost:43117
Read port: 41419
1658253198242	RemoteAgent	WARN	TLS certificate errors will be ignored for this session
console.warn: SearchSettings: "get: No settings file exists, new profile?" (new NotFoundError("Could not open the file at /tmp/rust_mozprofileqC3kwv/search.json.mozlz4", (void 0)))
Missing chrome or resource URL: resource://gre/modules/UpdateListener.jsm
Missing chrome or resource URL: resource://gre/modules/UpdateListener.sys.mjs
DevTools listening on ws://localhost:43117/devtools/browser/4f49bb47-f5a6-4330-8e3b-844ce5c45307
JavaScript error: https://barra.brasil.gov.br/barra.js?cor=verde, line 1: TypeError: document.getElementById(...) is null
1658253200729	Marionette	WARN	Ignoring event 'DOMContentLoaded' because document has an invalid readyState of 'complete'.
JavaScript error: https://barra.brasil.gov.br/barra.js?cor=verde, line 1: TypeError: document.getElementById(...) is null
1658253202160	Marionette	WARN	Ignoring event 'pageshow' because document has an invalid readyState of 'uninitialized'.
1658253202207	Marionette	WARN	Ignoring event 'pageshow' because document has an invalid readyState of 'uninitialized'.
1658253202207	Marionette	WARN	Ignoring event 'pageshow' because document has an invalid readyState of 'uninitialized'.
JavaScript warning: https://vlibras.gov.br/app2/vlibras-plugin.js, line 81: unreachable code after return statement
Missing chrome or resource URL: resource://gre/modules/UpdateListener.jsm
Missing chrome or resource URL: resource://gre/modules/UpdateListener.sys.mjs
console.error: "Error during quit-application-granted: [Exception... \"File error: Not found\"  nsresult: \"0x80520012 (NS_ERROR_FILE_NOT_FOUND)\"  location: \"JS frame :: resource:///modules/BrowserGlue.jsm :: _onQuitApplicationGranted/tasks< :: line 1996\"  data: no]"
1658253202894	Marionette	INFO	Stopped listening on port 43279
console.warn: TopSitesFeed: Failed to fetch data from Contile server: NetworkError when attempting to fetch resource.
1658253203203	Marionette	INFO	Stopped listening on port 41419
Missing chrome or resource URL: resource://gre/modules/UpdateListener.jsm
Missing chrome or resource URL: resource://gre/modules/UpdateListener.sys.mjs
console.error: "Error during quit-application-granted: [Exception... \"File error: Not found\"  nsresult: \"0x80520012 (NS_ERROR_FILE_NOT_FOUND)\"  location: \"JS frame :: resource:///modules/BrowserGlue.jsm :: _onQuitApplicationGranted/tasks< :: line 1996\"  data: no]"
1658253758659	geckodriver	INFO	Listening on 127.0.0.1:59117
1658253759214	mozrunner::runner	INFO	Running command: "/usr/bin/firefox" "--marionette" "--remote-debugging-port" "51373" "--remote-allow-hosts" "localhost" "-no-remote" "-profile" "/tmp/rust_mozprofileurQqFF"
ATTENTION: default value of option mesa_glthread overridden by environment.
ATTENTION: default value of option mesa_glthread overridden by environment.
ATTENTION: default value of option mesa_glthread overridden by environment.
ATTENTION: default value of option mesa_glthread overridden by environment.
1658253759883	Marionette	INFO	Marionette enabled
1658253759886	Marionette	INFO	Listening on port 35657
WebDriver BiDi listening on ws://localhost:51373
Read port: 35657
1658253759979	RemoteAgent	WARN	TLS certificate errors will be ignored for this session
console.warn: SearchSettings: "get: No settings file exists, new profile?" (new NotFoundError("Could not open the file at /tmp/rust_mozprofileurQqFF/search.json.mozlz4", (void 0)))
Missing chrome or resource URL: resource://gre/modules/UpdateListener.jsm
Missing chrome or resource URL: resource://gre/modules/UpdateListener.sys.mjs
DevTools listening on ws://localhost:51373/devtools/browser/0d4544d8-bf7e-410a-a72f-47582a0e71da
Missing chrome or resource URL: resource://gre/modules/UpdateListener.jsm
Missing chrome or resource URL: resource://gre/modules/UpdateListener.sys.mjs
console.error: "Error during quit-application-granted: [Exception... \"File error: Not found\"  nsresult: \"0x80520012 (NS_ERROR_FILE_NOT_FOUND)\"  location: \"JS frame :: resource:///modules/BrowserGlue.jsm :: _onQuitApplicationGranted/tasks< :: line 1996\"  data: no]"
1658253782697	Marionette	INFO	Stopped listening on port 35657
console.warn: TopSitesFeed: Failed to fetch data from Contile server: NetworkError when attempting to fetch resource.
1658253786756	geckodriver	INFO	Listening on 127.0.0.1:37101
1658253787310	mozrunner::runner	INFO	Running command: "/usr/bin/firefox" "--marionette" "--remote-debugging-port" "40613" "--remote-allow-hosts" "localhost" "-no-remote" "-profile" "/tmp/rust_mozprofilejqHZ5u"
ATTENTION: default value of option mesa_glthread overridden by environment.
ATTENTION: default value of option mesa_glthread overridden by environment.
ATTENTION: default value of option mesa_glthread overridden by environment.
ATTENTION: default value of option mesa_glthread overridden by environment.
1658253787973	Marionette	INFO	Marionette enabled
1658253787976	Marionette	INFO	Listening on port 40399
WebDriver BiDi listening on ws://localhost:40613
Read port: 40399
1658253788088	RemoteAgent	WARN	TLS certificate errors will be ignored for this session
console.warn: SearchSettings: "get: No settings file exists, new profile?" (new NotFoundError("Could not open the file at /tmp/rust_mozprofilejqHZ5u/search.json.mozlz4", (void 0)))
Missing chrome or resource URL: resource://gre/modules/UpdateListener.jsm
Missing chrome or resource URL: resource://gre/modules/UpdateListener.sys.mjs
DevTools listening on ws://localhost:40613/devtools/browser/70b243b5-80e9-4d09-ba03-9ec95af2e304
JavaScript error: https://barra.brasil.gov.br/barra.js?cor=verde, line 1: TypeError: document.getElementById(...) is null
1658253790953	Marionette	WARN	TimedPromise timed out after 500 ms: stacktrace:
TimedPromise/<@chrome://remote/content/marionette/sync.js:234:19
TimedPromise@chrome://remote/content/marionette/sync.js:219:10
interaction.flushEventLoop@chrome://remote/content/marionette/interaction.js:431:10
webdriverClickElement@chrome://remote/content/marionette/interaction.js:179:31
JavaScript warning: https://vlibras.gov.br/app2/vlibras-plugin.js, line 81: unreachable code after return statement
Missing chrome or resource URL: resource://gre/modules/UpdateListener.jsm
Missing chrome or resource URL: resource://gre/modules/UpdateListener.sys.mjs
console.error: "Error during quit-application-granted: [Exception... \"File error: Not found\"  nsresult: \"0x80520012 (NS_ERROR_FILE_NOT_FOUND)\"  location: \"JS frame :: resource:///modules/BrowserGlue.jsm :: _onQuitApplicationGranted/tasks< :: line 1996\"  data: no]"
1658253874700	Marionette	INFO	Stopped listening on port 40399
console.warn: TopSitesFeed: Failed to fetch data from Contile server: NetworkError when attempting to fetch resource.
Sandbox: Unexpected EOF, op 0 flags 00 path /proc/cpuinfo
1658253878315	geckodriver	INFO	Listening on 127.0.0.1:38709
1658253878856	mozrunner::runner	INFO	Running command: "/usr/bin/firefox" "--marionette" "--remote-debugging-port" "60887" "--remote-allow-hosts" "localhost" "-no-remote" "-profile" "/tmp/rust_mozprofileJAK3Vf"
ATTENTION: default value of option mesa_glthread overridden by environment.
ATTENTION: default value of option mesa_glthread overridden by environment.
ATTENTION: default value of option mesa_glthread overridden by environment.
ATTENTION: default value of option mesa_glthread overridden by environment.
1658253879505	Marionette	INFO	Marionette enabled
1658253879508	Marionette	INFO	Listening on port 41971
WebDriver BiDi listening on ws://localhost:60887
Read port: 41971
1658253879604	RemoteAgent	WARN	TLS certificate errors will be ignored for this session
console.warn: SearchSettings: "get: No settings file exists, new profile?" (new NotFoundError("Could not open the file at /tmp/rust_mozprofileJAK3Vf/search.json.mozlz4", (void 0)))
Missing chrome or resource URL: resource://gre/modules/UpdateListener.jsm
Missing chrome or resource URL: resource://gre/modules/UpdateListener.sys.mjs
DevTools listening on ws://localhost:60887/devtools/browser/95263929-43da-4769-a4b2-23fc14dd3e7e
1658253891664	Marionette	INFO	Stopped listening on port 41971
Missing chrome or resource URL: resource://gre/modules/UpdateListener.jsm
Missing chrome or resource URL: resource://gre/modules/UpdateListener.sys.mjs
console.error: "Error during quit-application-granted: [Exception... \"File error: Not found\"  nsresult: \"0x80520012 (NS_ERROR_FILE_NOT_FOUND)\"  location: \"JS frame :: resource:///modules/BrowserGlue.jsm :: _onQuitApplicationGranted/tasks< :: line 1996\"  data: no]"
1658253896051	geckodriver	INFO	Listening on 127.0.0.1:53981
1658253896581	mozrunner::runner	INFO	Running command: "/usr/bin/firefox" "--marionette" "--remote-debugging-port" "56569" "--remote-allow-hosts" "localhost" "-no-remote" "-profile" "/tmp/rust_mozprofilejSiUmb"
ATTENTION: default value of option mesa_glthread overridden by environment.
ATTENTION: default value of option mesa_glthread overridden by environment.
ATTENTION: default value of option mesa_glthread overridden by environment.
ATTENTION: default value of option mesa_glthread overridden by environment.
1658253897363	Marionette	INFO	Marionette enabled
1658253897367	Marionette	INFO	Listening on port 40629
WebDriver BiDi listening on ws://localhost:56569
Read port: 40629
1658253897491	RemoteAgent	WARN	TLS certificate errors will be ignored for this session
console.warn: SearchSettings: "get: No settings file exists, new profile?" (new NotFoundError("Could not open the file at /tmp/rust_mozprofilejSiUmb/search.json.mozlz4", (void 0)))
Missing chrome or resource URL: resource://gre/modules/UpdateListener.jsm
Missing chrome or resource URL: resource://gre/modules/UpdateListener.sys.mjs
DevTools listening on ws://localhost:56569/devtools/browser/e2617ab9-6d49-4540-852b-8663f7d58b3c
JavaScript error: https://barra.brasil.gov.br/barra.js?cor=verde, line 1: TypeError: document.getElementById(...) is null
JavaScript error: https://barra.brasil.gov.br/barra.js?cor=verde, line 1: TypeError: document.getElementById(...) is null
1658253902554	Marionette	WARN	Ignoring event 'pageshow' because document has an invalid readyState of 'uninitialized'.
1658253902586	Marionette	WARN	Ignoring event 'pageshow' because document has an invalid readyState of 'uninitialized'.
1658253902587	Marionette	WARN	Ignoring event 'pageshow' because document has an invalid readyState of 'uninitialized'.
JavaScript warning: https://vlibras.gov.br/app2/vlibras-plugin.js, line 81: unreachable code after return statement
1658253903949	Marionette	INFO	Stopped listening on port 40629
Missing chrome or resource URL: resource://gre/modules/UpdateListener.jsm
Missing chrome or resource URL: resource://gre/modules/UpdateListener.sys.mjs
console.error: "Error during quit-application-granted: [Exception... \"File error: Not found\"  nsresult: \"0x80520012 (NS_ERROR_FILE_NOT_FOUND)\"  location: \"JS frame :: resource:///modules/BrowserGlue.jsm :: _onQuitApplicationGranted/tasks< :: line 1996\"  data: no]"
1658253904635	geckodriver	INFO	Listening on 127.0.0.1:42277
1658253905166	mozrunner::runner	INFO	Running command: "/usr/bin/firefox" "--marionette" "--remote-debugging-port" "41583" "--remote-allow-hosts" "localhost" "-no-remote" "-profile" "/tmp/rust_mozprofileEHnsNP"
ATTENTION: default value of option mesa_glthread overridden by environment.
ATTENTION: default value of option mesa_glthread overridden by environment.
ATTENTION: default value of option mesa_glthread overridden by environment.
ATTENTION: default value of option mesa_glthread overridden by environment.
1658253905795	Marionette	INFO	Marionette enabled
1658253905799	Marionette	INFO	Listening on port 37591
WebDriver BiDi listening on ws://localhost:41583
Read port: 37591
1658253905976	RemoteAgent	WARN	TLS certificate errors will be ignored for this session
console.warn: SearchSettings: "get: No settings file exists, new profile?" (new NotFoundError("Could not open the file at /tmp/rust_mozprofileEHnsNP/search.json.mozlz4", (void 0)))
Missing chrome or resource URL: resource://gre/modules/UpdateListener.jsm
Missing chrome or resource URL: resource://gre/modules/UpdateListener.sys.mjs
DevTools listening on ws://localhost:41583/devtools/browser/2468832d-849e-4c9e-978b-f06f5ad2a9a3
JavaScript error: https://barra.brasil.gov.br/barra.js?cor=verde, line 1: TypeError: document.getElementById(...) is null
1658253909134	Marionette	WARN	TimedPromise timed out after 500 ms: stacktrace:
TimedPromise/<@chrome://remote/content/marionette/sync.js:234:19
TimedPromise@chrome://remote/content/marionette/sync.js:219:10
interaction.flushEventLoop@chrome://remote/content/marionette/interaction.js:431:10
webdriverClickElement@chrome://remote/content/marionette/interaction.js:179:31
JavaScript error: https://www.ifgoiano.edu.br/home/media/system/js/mootools-more.js, line 13: ReferenceError: MooTools is not defined
JavaScript error: https://barra.brasil.gov.br/barra.js?cor=verde, line 1: TypeError: document.getElementById(...) is null
JavaScript error: https://www.ifgoiano.edu.br/home/index.php/component/content/category/160-noticias-anteriores.html, line 83: ReferenceError: Tips is not defined
JavaScript warning: https://vlibras.gov.br/app2/vlibras-plugin.js, line 81: unreachable code after return statement
1658253938255	Marionette	WARN	TimedPromise timed out after 500 ms: stacktrace:
TimedPromise/<@chrome://remote/content/marionette/sync.js:234:19
TimedPromise@chrome://remote/content/marionette/sync.js:219:10
interaction.flushEventLoop@chrome://remote/content/marionette/interaction.js:431:10
webdriverClickElement@chrome://remote/content/marionette/interaction.js:179:31
JavaScript error: https://barra.brasil.gov.br/barra.js?cor=verde, line 1: TypeError: document.getElementById(...) is null
JavaScript warning: https://vlibras.gov.br/app2/vlibras-plugin.js, line 81: unreachable code after return statement
1658253939326	Marionette	WARN	Ignoring event 'pageshow' because document has an invalid readyState of 'uninitialized'.
1658253939344	Marionette	WARN	Ignoring event 'pageshow' because document has an invalid readyState of 'uninitialized'.
1658253939346	Marionette	WARN	Ignoring event 'pageshow' because document has an invalid readyState of 'uninitialized'.
JavaScript error: https://www.ifgoiano.edu.br/home/media/system/js/mootools-more.js, line 13: ReferenceError: MooTools is not defined
JavaScript error: https://barra.brasil.gov.br/barra.js?cor=verde, line 1: TypeError: document.getElementById(...) is null
JavaScript error: https://www.ifgoiano.edu.br/home/index.php/component/content/category/160-noticias-anteriores.html, line 83: ReferenceError: Tips is not defined
JavaScript warning: https://vlibras.gov.br/app2/vlibras-plugin.js, line 81: unreachable code after return statement
1658254240444	Marionette	INFO	Stopped listening on port 37591
Missing chrome or resource URL: resource://gre/modules/UpdateListener.jsm
Missing chrome or resource URL: resource://gre/modules/UpdateListener.sys.mjs
console.error: "Error during quit-application-granted: [Exception... \"File error: Not found\"  nsresult: \"0x80520012 (NS_ERROR_FILE_NOT_FOUND)\"  location: \"JS frame :: resource:///modules/BrowserGlue.jsm :: _onQuitApplicationGranted/tasks< :: line 1996\"  data: no]"
Sandbox: Unexpected EOF, op 0 flags 00 path /proc/cpuinfo
1658254259109	geckodriver	INFO	Listening on 127.0.0.1:45347
1658254259672	mozrunner::runner	INFO	Running command: "/usr/bin/firefox" "--marionette" "--remote-debugging-port" "47435" "--remote-allow-hosts" "localhost" "-no-remote" "-profile" "/tmp/rust_mozprofile7vIg3g"
ATTENTION: default value of option mesa_glthread overridden by environment.
ATTENTION: default value of option mesa_glthread overridden by environment.
ATTENTION: default value of option mesa_glthread overridden by environment.
ATTENTION: default value of option mesa_glthread overridden by environment.
1658254260397	Marionette	INFO	Marionette enabled
1658254260400	Marionette	INFO	Listening on port 33729
WebDriver BiDi listening on ws://localhost:47435
Read port: 33729
1658254260584	RemoteAgent	WARN	TLS certificate errors will be ignored for this session
console.warn: SearchSettings: "get: No settings file exists, new profile?" (new NotFoundError("Could not open the file at /tmp/rust_mozprofile7vIg3g/search.json.mozlz4", (void 0)))
Missing chrome or resource URL: resource://gre/modules/UpdateListener.jsm
Missing chrome or resource URL: resource://gre/modules/UpdateListener.sys.mjs
DevTools listening on ws://localhost:47435/devtools/browser/4ec46728-6e97-4967-b0f7-409690c42b37
1658254272424	Marionette	INFO	Stopped listening on port 33729
Missing chrome or resource URL: resource://gre/modules/UpdateListener.jsm
Missing chrome or resource URL: resource://gre/modules/UpdateListener.sys.mjs
console.error: "Error during quit-application-granted: [Exception... \"File error: Not found\"  nsresult: \"0x80520012 (NS_ERROR_FILE_NOT_FOUND)\"  location: \"JS frame :: resource:///modules/BrowserGlue.jsm :: _onQuitApplicationGranted/tasks< :: line 1996\"  data: no]"
1658254275134	geckodriver	INFO	Listening on 127.0.0.1:37647
1658254275702	mozrunner::runner	INFO	Running command: "/usr/bin/firefox" "--marionette" "--remote-debugging-port" "57247" "--remote-allow-hosts" "localhost" "-no-remote" "-profile" "/tmp/rust_mozprofileB2zzfr"
ATTENTION: default value of option mesa_glthread overridden by environment.
ATTENTION: default value of option mesa_glthread overridden by environment.
ATTENTION: default value of option mesa_glthread overridden by environment.
ATTENTION: default value of option mesa_glthread overridden by environment.
1658254276376	Marionette	INFO	Marionette enabled
1658254276379	Marionette	INFO	Listening on port 43853
WebDriver BiDi listening on ws://localhost:57247
Read port: 43853
1658254276482	RemoteAgent	WARN	TLS certificate errors will be ignored for this session
console.warn: SearchSettings: "get: No settings file exists, new profile?" (new NotFoundError("Could not open the file at /tmp/rust_mozprofileB2zzfr/search.json.mozlz4", (void 0)))
Missing chrome or resource URL: resource://gre/modules/UpdateListener.jsm
Missing chrome or resource URL: resource://gre/modules/UpdateListener.sys.mjs
DevTools listening on ws://localhost:57247/devtools/browser/eed75937-8e9c-4963-93eb-7d2ef4eb0f7e
JavaScript error: https://barra.brasil.gov.br/barra.js?cor=verde, line 1: TypeError: document.getElementById(...) is null
JavaScript error: https://barra.brasil.gov.br/barra.js?cor=verde, line 1: TypeError: document.getElementById(...) is null
1658254280731	Marionette	WARN	Ignoring event 'pageshow' because document has an invalid readyState of 'uninitialized'.
1658254280739	Marionette	WARN	Ignoring event 'pageshow' because document has an invalid readyState of 'uninitialized'.
1658254280740	Marionette	WARN	Ignoring event 'pageshow' because document has an invalid readyState of 'uninitialized'.
JavaScript warning: https://vlibras.gov.br/app2/vlibras-plugin.js, line 81: unreachable code after return statement
1658254282316	Marionette	INFO	Stopped listening on port 43853
Missing chrome or resource URL: resource://gre/modules/UpdateListener.jsm
Missing chrome or resource URL: resource://gre/modules/UpdateListener.sys.mjs
console.error: "Error during quit-application-granted: [Exception... \"File error: Not found\"  nsresult: \"0x80520012 (NS_ERROR_FILE_NOT_FOUND)\"  location: \"JS frame :: resource:///modules/BrowserGlue.jsm :: _onQuitApplicationGranted/tasks< :: line 1996\"  data: no]"
Sandbox: Unexpected EOF, op 0 flags 00 path /proc/cpuinfo
1658254284956	geckodriver	INFO	Listening on 127.0.0.1:51937
1658254285490	mozrunner::runner	INFO	Running command: "/usr/bin/firefox" "--marionette" "--remote-debugging-port" "48539" "--remote-allow-hosts" "localhost" "-no-remote" "-profile" "/tmp/rust_mozprofile4fGSra"
ATTENTION: default value of option mesa_glthread overridden by environment.
ATTENTION: default value of option mesa_glthread overridden by environment.
ATTENTION: default value of option mesa_glthread overridden by environment.
ATTENTION: default value of option mesa_glthread overridden by environment.
1658254286133	Marionette	INFO	Marionette enabled
1658254286136	Marionette	INFO	Listening on port 32903
WebDriver BiDi listening on ws://localhost:48539
Read port: 32903
1658254286230	RemoteAgent	WARN	TLS certificate errors will be ignored for this session
console.warn: SearchSettings: "get: No settings file exists, new profile?" (new NotFoundError("Could not open the file at /tmp/rust_mozprofile4fGSra/search.json.mozlz4", (void 0)))
Missing chrome or resource URL: resource://gre/modules/UpdateListener.jsm
Missing chrome or resource URL: resource://gre/modules/UpdateListener.sys.mjs
DevTools listening on ws://localhost:48539/devtools/browser/287ff04c-b476-4c80-aa5a-1a93db0bf8f9
JavaScript error: https://barra.brasil.gov.br/barra.js?cor=verde, line 1: TypeError: document.getElementById(...) is null
JavaScript error: https://www.ifgoiano.edu.br/home/media/system/js/mootools-more.js, line 13: ReferenceError: MooTools is not defined
JavaScript error: https://barra.brasil.gov.br/barra.js?cor=verde, line 1: TypeError: document.getElementById(...) is null
JavaScript error: https://www.ifgoiano.edu.br/home/index.php/component/content/category/160-noticias-anteriores.html, line 83: ReferenceError: Tips is not defined
1658254303088	Marionette	WARN	TimedPromise timed out after 500 ms: stacktrace:
TimedPromise/<@chrome://remote/content/marionette/sync.js:234:19
TimedPromise@chrome://remote/content/marionette/sync.js:219:10
interaction.flushEventLoop@chrome://remote/content/marionette/interaction.js:431:10
webdriverClickElement@chrome://remote/content/marionette/interaction.js:179:31
JavaScript error: https://barra.brasil.gov.br/barra.js?cor=verde, line 1: TypeError: document.getElementById(...) is null
JavaScript warning: https://vlibras.gov.br/app2/vlibras-plugin.js, line 81: unreachable code after return statement
1658254304205	Marionette	WARN	Ignoring event 'pageshow' because document has an invalid readyState of 'uninitialized'.
1658254304210	Marionette	WARN	Ignoring event 'pageshow' because document has an invalid readyState of 'uninitialized'.
1658254304222	Marionette	WARN	Ignoring event 'pageshow' because document has an invalid readyState of 'uninitialized'.
JavaScript error: https://www.ifgoiano.edu.br/home/media/system/js/mootools-more.js, line 13: ReferenceError: MooTools is not defined
JavaScript error: https://barra.brasil.gov.br/barra.js?cor=verde, line 1: TypeError: document.getElementById(...) is null
JavaScript error: https://www.ifgoiano.edu.br/home/index.php/component/content/category/160-noticias-anteriores.html, line 83: ReferenceError: Tips is not defined
JavaScript warning: https://vlibras.gov.br/app2/vlibras-plugin.js, line 81: unreachable code after return statement
Exiting due to channel error.
Exiting due to channel error.
Exiting due to channel error.
1658254555367	geckodriver	INFO	Listening on 127.0.0.1:45199
1658254555900	mozrunner::runner	INFO	Running command: "/usr/bin/firefox" "--marionette" "--remote-debugging-port" "54761" "--remote-allow-hosts" "localhost" "-no-remote" "-profile" "/tmp/rust_mozprofileAwS0jy"
ATTENTION: default value of option mesa_glthread overridden by environment.
ATTENTION: default value of option mesa_glthread overridden by environment.
ATTENTION: default value of option mesa_glthread overridden by environment.
ATTENTION: default value of option mesa_glthread overridden by environment.
1658254556566	Marionette	INFO	Marionette enabled
1658254556569	Marionette	INFO	Listening on port 42343
WebDriver BiDi listening on ws://localhost:54761
Read port: 42343
1658254556667	RemoteAgent	WARN	TLS certificate errors will be ignored for this session
console.warn: SearchSettings: "get: No settings file exists, new profile?" (new NotFoundError("Could not open the file at /tmp/rust_mozprofileAwS0jy/search.json.mozlz4", (void 0)))
Missing chrome or resource URL: resource://gre/modules/UpdateListener.jsm
Missing chrome or resource URL: resource://gre/modules/UpdateListener.sys.mjs
DevTools listening on ws://localhost:54761/devtools/browser/fa13b762-4c66-47ff-8ca6-83025f0504f1
1658254569396	Marionette	INFO	Stopped listening on port 42343
Missing chrome or resource URL: resource://gre/modules/UpdateListener.jsm
Missing chrome or resource URL: resource://gre/modules/UpdateListener.sys.mjs
console.error: "Error during quit-application-granted: [Exception... \"File error: Not found\"  nsresult: \"0x80520012 (NS_ERROR_FILE_NOT_FOUND)\"  location: \"JS frame :: resource:///modules/BrowserGlue.jsm :: _onQuitApplicationGranted/tasks< :: line 1996\"  data: no]"
Sandbox: Unexpected EOF, op 0 flags 00 path /proc/cpuinfo
1658254578929	geckodriver	INFO	Listening on 127.0.0.1:56833
1658254579470	mozrunner::runner	INFO	Running command: "/usr/bin/firefox" "--marionette" "--remote-debugging-port" "57425" "--remote-allow-hosts" "localhost" "-no-remote" "-profile" "/tmp/rust_mozprofileEv9hDs"
ATTENTION: default value of option mesa_glthread overridden by environment.
ATTENTION: default value of option mesa_glthread overridden by environment.
ATTENTION: default value of option mesa_glthread overridden by environment.
ATTENTION: default value of option mesa_glthread overridden by environment.
1658254580141	Marionette	INFO	Marionette enabled
1658254580144	Marionette	INFO	Listening on port 42091
WebDriver BiDi listening on ws://localhost:57425
Read port: 42091
1658254580239	RemoteAgent	WARN	TLS certificate errors will be ignored for this session
console.warn: SearchSettings: "get: No settings file exists, new profile?" (new NotFoundError("Could not open the file at /tmp/rust_mozprofileEv9hDs/search.json.mozlz4", (void 0)))
Missing chrome or resource URL: resource://gre/modules/UpdateListener.jsm
Missing chrome or resource URL: resource://gre/modules/UpdateListener.sys.mjs
DevTools listening on ws://localhost:57425/devtools/browser/8ad42622-a94f-4774-ad6f-874142aae330
JavaScript error: https://barra.brasil.gov.br/barra.js?cor=verde, line 1: TypeError: document.getElementById(...) is null
JavaScript error: https://barra.brasil.gov.br/barra.js?cor=verde, line 1: TypeError: document.getElementById(...) is null
1658254584494	Marionette	WARN	Ignoring event 'pageshow' because document has an invalid readyState of 'uninitialized'.
1658254584499	Marionette	WARN	Ignoring event 'pageshow' because document has an invalid readyState of 'uninitialized'.
1658254584499	Marionette	WARN	Ignoring event 'pageshow' because document has an invalid readyState of 'uninitialized'.
JavaScript warning: https://vlibras.gov.br/app2/vlibras-plugin.js, line 81: unreachable code after return statement
1658254585797	Marionette	INFO	Stopped listening on port 42091
Missing chrome or resource URL: resource://gre/modules/UpdateListener.jsm
Missing chrome or resource URL: resource://gre/modules/UpdateListener.sys.mjs
console.error: "Error during quit-application-granted: [Exception... \"File error: Not found\"  nsresult: \"0x80520012 (NS_ERROR_FILE_NOT_FOUND)\"  location: \"JS frame :: resource:///modules/BrowserGlue.jsm :: _onQuitApplicationGranted/tasks< :: line 1996\"  data: no]"
1658254588448	geckodriver	INFO	Listening on 127.0.0.1:39543
1658254588985	mozrunner::runner	INFO	Running command: "/usr/bin/firefox" "--marionette" "--remote-debugging-port" "39397" "--remote-allow-hosts" "localhost" "-no-remote" "-profile" "/tmp/rust_mozprofileHhT2pL"
ATTENTION: default value of option mesa_glthread overridden by environment.
ATTENTION: default value of option mesa_glthread overridden by environment.
ATTENTION: default value of option mesa_glthread overridden by environment.
ATTENTION: default value of option mesa_glthread overridden by environment.
1658254589608	Marionette	INFO	Marionette enabled
1658254589611	Marionette	INFO	Listening on port 46815
WebDriver BiDi listening on ws://localhost:39397
Read port: 46815
1658254589806	RemoteAgent	WARN	TLS certificate errors will be ignored for this session
console.warn: SearchSettings: "get: No settings file exists, new profile?" (new NotFoundError("Could not open the file at /tmp/rust_mozprofileHhT2pL/search.json.mozlz4", (void 0)))
Missing chrome or resource URL: resource://gre/modules/UpdateListener.jsm
Missing chrome or resource URL: resource://gre/modules/UpdateListener.sys.mjs
DevTools listening on ws://localhost:39397/devtools/browser/d65e6b77-0af0-4516-8b9a-eef73353ffab
JavaScript error: https://barra.brasil.gov.br/barra.js?cor=verde, line 1: TypeError: document.getElementById(...) is null
1658254592331	Marionette	WARN	Ignoring event 'DOMContentLoaded' because document has an invalid readyState of 'complete'.
JavaScript error: https://www.ifgoiano.edu.br/home/media/system/js/mootools-more.js, line 13: ReferenceError: MooTools is not defined
JavaScript error: https://barra.brasil.gov.br/barra.js?cor=verde, line 1: TypeError: document.getElementById(...) is null
JavaScript error: https://www.ifgoiano.edu.br/home/index.php/component/content/category/160-noticias-anteriores.html, line 83: ReferenceError: Tips is not defined
JavaScript warning: https://vlibras.gov.br/app2/vlibras-plugin.js, line 81: unreachable code after return statement
JavaScript error: https://barra.brasil.gov.br/barra.js?cor=verde, line 1: TypeError: document.getElementById(...) is null
JavaScript warning: https://vlibras.gov.br/app2/vlibras-plugin.js, line 81: unreachable code after return statement
1658254620734	Marionette	WARN	Ignoring event 'pageshow' because document has an invalid readyState of 'uninitialized'.
1658254620740	Marionette	WARN	Ignoring event 'pageshow' because document has an invalid readyState of 'uninitialized'.
1658254620742	Marionette	WARN	Ignoring event 'pageshow' because document has an invalid readyState of 'uninitialized'.
JavaScript error: https://www.ifgoiano.edu.br/home/media/system/js/mootools-more.js, line 13: ReferenceError: MooTools is not defined
JavaScript error: https://barra.brasil.gov.br/barra.js?cor=verde, line 1: TypeError: document.getElementById(...) is null
JavaScript error: https://www.ifgoiano.edu.br/home/index.php/component/content/category/160-noticias-anteriores.html, line 83: ReferenceError: Tips is not defined
JavaScript warning: https://vlibras.gov.br/app2/vlibras-plugin.js, line 81: unreachable code after return statement
Exiting due to channel error.
Exiting due to channel error.
Exiting due to channel error.
1658255062173	geckodriver	INFO	Listening on 127.0.0.1:47449
1658255062710	mozrunner::runner	INFO	Running command: "/usr/bin/firefox" "--marionette" "--remote-debugging-port" "33271" "--remote-allow-hosts" "localhost" "-no-remote" "-profile" "/tmp/rust_mozprofileMzv6mr"
ATTENTION: default value of option mesa_glthread overridden by environment.
ATTENTION: default value of option mesa_glthread overridden by environment.
ATTENTION: default value of option mesa_glthread overridden by environment.
ATTENTION: default value of option mesa_glthread overridden by environment.
1658255063359	Marionette	INFO	Marionette enabled
1658255063362	Marionette	INFO	Listening on port 43373
WebDriver BiDi listening on ws://localhost:33271
Read port: 43373
1658255063461	RemoteAgent	WARN	TLS certificate errors will be ignored for this session
console.warn: SearchSettings: "get: No settings file exists, new profile?" (new NotFoundError("Could not open the file at /tmp/rust_mozprofileMzv6mr/search.json.mozlz4", (void 0)))
Missing chrome or resource URL: resource://gre/modules/UpdateListener.jsm
Missing chrome or resource URL: resource://gre/modules/UpdateListener.sys.mjs
DevTools listening on ws://localhost:33271/devtools/browser/8cace1df-f346-480b-8d10-fb41b8873e11
JavaScript warning: https://vlibras.gov.br/app2/vlibras-plugin.js, line 81: unreachable code after return statement
Missing chrome or resource URL: resource://gre/modules/UpdateListener.jsm
Missing chrome or resource URL: resource://gre/modules/UpdateListener.sys.mjs
console.error: "Error during quit-application-granted: [Exception... \"File error: Not found\"  nsresult: \"0x80520012 (NS_ERROR_FILE_NOT_FOUND)\"  location: \"JS frame :: resource:///modules/BrowserGlue.jsm :: _onQuitApplicationGranted/tasks< :: line 1996\"  data: no]"
1658255355620	Marionette	INFO	Stopped listening on port 43373
console.warn: TopSitesFeed: Failed to fetch data from Contile server: NetworkError when attempting to fetch resource.
Sandbox: Unexpected EOF, op 0 flags 00 path /proc/cpuinfo
1658255358621	geckodriver	INFO	Listening on 127.0.0.1:49843
1658255359173	mozrunner::runner	INFO	Running command: "/usr/bin/firefox" "--marionette" "--remote-debugging-port" "56143" "--remote-allow-hosts" "localhost" "-no-remote" "-profile" "/tmp/rust_mozprofileaO1Gdk"
ATTENTION: default value of option mesa_glthread overridden by environment.
ATTENTION: default value of option mesa_glthread overridden by environment.
ATTENTION: default value of option mesa_glthread overridden by environment.
ATTENTION: default value of option mesa_glthread overridden by environment.
1658255359786	Marionette	INFO	Marionette enabled
1658255359789	Marionette	INFO	Listening on port 38341
WebDriver BiDi listening on ws://localhost:56143
Read port: 38341
1658255359991	RemoteAgent	WARN	TLS certificate errors will be ignored for this session
console.warn: SearchSettings: "get: No settings file exists, new profile?" (new NotFoundError("Could not open the file at /tmp/rust_mozprofileaO1Gdk/search.json.mozlz4", (void 0)))
Missing chrome or resource URL: resource://gre/modules/UpdateListener.jsm
Missing chrome or resource URL: resource://gre/modules/UpdateListener.sys.mjs
DevTools listening on ws://localhost:56143/devtools/browser/9068fa51-ff97-427a-aa9d-e7112351d8ed
JavaScript error: https://barra.brasil.gov.br/barra.js?cor=verde, line 1: TypeError: document.getElementById(...) is null
1658255362816	Marionette	WARN	Ignoring event 'DOMContentLoaded' because document has an invalid readyState of 'complete'.
JavaScript error: https://www.ifgoiano.edu.br/home/media/system/js/mootools-more.js, line 13: ReferenceError: MooTools is not defined
JavaScript error: https://barra.brasil.gov.br/barra.js?cor=verde, line 1: TypeError: document.getElementById(...) is null
JavaScript error: https://www.ifgoiano.edu.br/home/index.php/component/content/category/160-noticias-anteriores.html, line 83: ReferenceError: Tips is not defined
1658255393217	Marionette	WARN	Ignoring event 'DOMContentLoaded' because document has an invalid readyState of 'complete'.
JavaScript error: https://barra.brasil.gov.br/barra.js?cor=verde, line 1: TypeError: document.getElementById(...) is null
1658255394475	Marionette	WARN	Ignoring event 'pageshow' because document has an invalid readyState of 'uninitialized'.
1658255394479	Marionette	WARN	Ignoring event 'pageshow' because document has an invalid readyState of 'uninitialized'.
1658255394480	Marionette	WARN	Ignoring event 'pageshow' because document has an invalid readyState of 'uninitialized'.
JavaScript error: https://www.ifgoiano.edu.br/home/media/system/js/mootools-more.js, line 13: ReferenceError: MooTools is not defined
JavaScript error: https://barra.brasil.gov.br/barra.js?cor=verde, line 1: TypeError: document.getElementById(...) is null
JavaScript error: https://www.ifgoiano.edu.br/home/index.php/component/content/category/160-noticias-anteriores.html, line 83: ReferenceError: Tips is not defined
Exiting due to channel error.
Exiting due to channel error.
Exiting due to channel error.
1658256376990	geckodriver	INFO	Listening on 127.0.0.1:44403
1658256377526	mozrunner::runner	INFO	Running command: "/usr/bin/firefox" "--marionette" "--remote-debugging-port" "51315" "--remote-allow-hosts" "localhost" "-no-remote" "-profile" "/tmp/rust_mozprofileu1DeCQ"
ATTENTION: default value of option mesa_glthread overridden by environment.
ATTENTION: default value of option mesa_glthread overridden by environment.
ATTENTION: default value of option mesa_glthread overridden by environment.
ATTENTION: default value of option mesa_glthread overridden by environment.
1658256378155	Marionette	INFO	Marionette enabled
1658256378158	Marionette	INFO	Listening on port 36897
WebDriver BiDi listening on ws://localhost:51315
Read port: 36897
1658256378334	RemoteAgent	WARN	TLS certificate errors will be ignored for this session
console.warn: SearchSettings: "get: No settings file exists, new profile?" (new NotFoundError("Could not open the file at /tmp/rust_mozprofileu1DeCQ/search.json.mozlz4", (void 0)))
Missing chrome or resource URL: resource://gre/modules/UpdateListener.jsm
Missing chrome or resource URL: resource://gre/modules/UpdateListener.sys.mjs
DevTools listening on ws://localhost:51315/devtools/browser/83b1490c-81c6-45da-89db-2609e2e9894c
JavaScript error: https://barra.brasil.gov.br/barra.js?cor=verde, line 1: TypeError: document.getElementById(...) is null
JavaScript error: https://www.ifgoiano.edu.br/home/media/system/js/mootools-more.js, line 13: ReferenceError: MooTools is not defined
JavaScript error: https://barra.brasil.gov.br/barra.js?cor=verde, line 1: TypeError: document.getElementById(...) is null
JavaScript error: https://www.ifgoiano.edu.br/home/index.php/component/content/category/160-noticias-anteriores.html, line 83: ReferenceError: Tips is not defined
JavaScript warning: https://vlibras.gov.br/app2/vlibras-plugin.js, line 81: unreachable code after return statement
JavaScript error: https://barra.brasil.gov.br/barra.js?cor=verde, line 1: TypeError: document.getElementById(...) is null
JavaScript warning: https://vlibras.gov.br/app2/vlibras-plugin.js, line 81: unreachable code after return statement
1658256418192	Marionette	WARN	Ignoring event 'pageshow' because document has an invalid readyState of 'uninitialized'.
1658256418201	Marionette	WARN	Ignoring event 'pageshow' because document has an invalid readyState of 'uninitialized'.
1658256418205	Marionette	WARN	Ignoring event 'pageshow' because document has an invalid readyState of 'uninitialized'.
JavaScript error: https://www.ifgoiano.edu.br/home/media/system/js/mootools-more.js, line 13: ReferenceError: MooTools is not defined
JavaScript error: https://barra.brasil.gov.br/barra.js?cor=verde, line 1: TypeError: document.getElementById(...) is null
JavaScript error: https://www.ifgoiano.edu.br/home/index.php/component/content/category/160-noticias-anteriores.html, line 83: ReferenceError: Tips is not defined
JavaScript warning: https://vlibras.gov.br/app2/vlibras-plugin.js, line 81: unreachable code after return statement
Exiting due to channel error.
Exiting due to channel error.
Exiting due to channel error.
1658258859934	geckodriver	INFO	Listening on 127.0.0.1:52867
1658258860483	mozrunner::runner	INFO	Running command: "/usr/bin/firefox" "--marionette" "--remote-debugging-port" "56653" "--remote-allow-hosts" "localhost" "-no-remote" "-profile" "/tmp/rust_mozprofile9WP5f0"
ATTENTION: default value of option mesa_glthread overridden by environment.
ATTENTION: default value of option mesa_glthread overridden by environment.
ATTENTION: default value of option mesa_glthread overridden by environment.
ATTENTION: default value of option mesa_glthread overridden by environment.
1658258861120	Marionette	INFO	Marionette enabled
1658258861123	Marionette	INFO	Listening on port 33001
WebDriver BiDi listening on ws://localhost:56653
Read port: 33001
1658258861215	RemoteAgent	WARN	TLS certificate errors will be ignored for this session
console.warn: SearchSettings: "get: No settings file exists, new profile?" (new NotFoundError("Could not open the file at /tmp/rust_mozprofile9WP5f0/search.json.mozlz4", (void 0)))
Missing chrome or resource URL: resource://gre/modules/UpdateListener.jsm
Missing chrome or resource URL: resource://gre/modules/UpdateListener.sys.mjs
DevTools listening on ws://localhost:56653/devtools/browser/ecf12598-754c-4152-a064-3d4b2c1ceedc
JavaScript error: https://barra.brasil.gov.br/barra.js?cor=verde, line 1: TypeError: document.getElementById(...) is null
1658258866578	Marionette	WARN	Ignoring event 'DOMContentLoaded' because document has an invalid readyState of 'complete'.
JavaScript error: https://www.ifgoiano.edu.br/home/media/system/js/mootools-more.js, line 13: ReferenceError: MooTools is not defined
JavaScript error: https://barra.brasil.gov.br/barra.js?cor=verde, line 1: TypeError: document.getElementById(...) is null
JavaScript error: https://www.ifgoiano.edu.br/home/index.php/component/content/category/160-noticias-anteriores.html, line 83: ReferenceError: Tips is not defined
JavaScript warning: https://vlibras.gov.br/app2/vlibras-plugin.js, line 81: unreachable code after return statement
JavaScript error: https://barra.brasil.gov.br/barra.js?cor=verde, line 1: TypeError: document.getElementById(...) is null
JavaScript warning: https://vlibras.gov.br/app2/vlibras-plugin.js, line 81: unreachable code after return statement
1658258898878	Marionette	WARN	Ignoring event 'pageshow' because document has an invalid readyState of 'uninitialized'.
1658258898907	Marionette	WARN	Ignoring event 'pageshow' because document has an invalid readyState of 'uninitialized'.
1658258898908	Marionette	WARN	Ignoring event 'pageshow' because document has an invalid readyState of 'uninitialized'.
JavaScript error: https://www.ifgoiano.edu.br/home/media/system/js/mootools-more.js, line 13: ReferenceError: MooTools is not defined
JavaScript error: https://barra.brasil.gov.br/barra.js?cor=verde, line 1: TypeError: document.getElementById(...) is null
JavaScript error: https://www.ifgoiano.edu.br/home/index.php/component/content/category/160-noticias-anteriores.html, line 83: ReferenceError: Tips is not defined
JavaScript warning: https://vlibras.gov.br/app2/vlibras-plugin.js, line 81: unreachable code after return statement
JavaScript error: https://barra.brasil.gov.br/barra.js?cor=verde, line 1: TypeError: document.getElementById(...) is null
JavaScript warning: https://vlibras.gov.br/app2/vlibras-plugin.js, line 81: unreachable code after return statement
1658259108777	Marionette	WARN	Ignoring event 'pageshow' because document has an invalid readyState of 'uninitialized'.
1658259108777	Marionette	WARN	Ignoring event 'pageshow' because document has an invalid readyState of 'uninitialized'.
1658259108777	Marionette	WARN	Ignoring event 'pageshow' because document has an invalid readyState of 'uninitialized'.
JavaScript error: https://www.ifgoiano.edu.br/home/media/system/js/mootools-more.js, line 13: ReferenceError: MooTools is not defined
JavaScript error: https://barra.brasil.gov.br/barra.js?cor=verde, line 1: TypeError: document.getElementById(...) is null
JavaScript error: https://www.ifgoiano.edu.br/home/index.php/component/content/category/160-noticias-anteriores.html, line 83: ReferenceError: Tips is not defined
JavaScript warning: https://vlibras.gov.br/app2/vlibras-plugin.js, line 81: unreachable code after return statement
JavaScript error: https://barra.brasil.gov.br/barra.js?cor=verde, line 1: TypeError: document.getElementById(...) is null
JavaScript warning: https://vlibras.gov.br/app2/vlibras-plugin.js, line 81: unreachable code after return statement
1658259313283	Marionette	WARN	Ignoring event 'pageshow' because document has an invalid readyState of 'uninitialized'.
1658259313283	Marionette	WARN	Ignoring event 'pageshow' because document has an invalid readyState of 'uninitialized'.
1658259313284	Marionette	WARN	Ignoring event 'pageshow' because document has an invalid readyState of 'uninitialized'.
JavaScript error: https://www.ifgoiano.edu.br/home/media/system/js/mootools-more.js, line 13: ReferenceError: MooTools is not defined
JavaScript error: https://barra.brasil.gov.br/barra.js?cor=verde, line 1: TypeError: document.getElementById(...) is null
JavaScript error: https://www.ifgoiano.edu.br/home/index.php/component/content/category/160-noticias-anteriores.html, line 83: ReferenceError: Tips is not defined
JavaScript warning: https://vlibras.gov.br/app2/vlibras-plugin.js, line 81: unreachable code after return statement
JavaScript error: https://barra.brasil.gov.br/barra.js?cor=verde, line 1: TypeError: document.getElementById(...) is null
JavaScript warning: https://vlibras.gov.br/app2/vlibras-plugin.js, line 81: unreachable code after return statement
1658259512022	Marionette	WARN	Ignoring event 'pageshow' because document has an invalid readyState of 'uninitialized'.
1658259512023	Marionette	WARN	Ignoring event 'pageshow' because document has an invalid readyState of 'uninitialized'.
1658259512023	Marionette	WARN	Ignoring event 'pageshow' because document has an invalid readyState of 'uninitialized'.
JavaScript error: https://www.ifgoiano.edu.br/home/media/system/js/mootools-more.js, line 13: ReferenceError: MooTools is not defined
JavaScript error: https://barra.brasil.gov.br/barra.js?cor=verde, line 1: TypeError: document.getElementById(...) is null
JavaScript error: https://www.ifgoiano.edu.br/home/index.php/component/content/category/160-noticias-anteriores.html, line 83: ReferenceError: Tips is not defined
JavaScript warning: https://vlibras.gov.br/app2/vlibras-plugin.js, line 81: unreachable code after return statement
JavaScript error: https://barra.brasil.gov.br/barra.js?cor=verde, line 1: TypeError: document.getElementById(...) is null
JavaScript warning: https://vlibras.gov.br/app2/vlibras-plugin.js, line 81: unreachable code after return statement
1658259716387	Marionette	WARN	Ignoring event 'pageshow' because document has an invalid readyState of 'uninitialized'.
1658259716424	Marionette	WARN	Ignoring event 'pageshow' because document has an invalid readyState of 'uninitialized'.
1658259716424	Marionette	WARN	Ignoring event 'pageshow' because document has an invalid readyState of 'uninitialized'.
JavaScript error: https://www.ifgoiano.edu.br/home/media/system/js/mootools-more.js, line 13: ReferenceError: MooTools is not defined
JavaScript error: https://barra.brasil.gov.br/barra.js?cor=verde, line 1: TypeError: document.getElementById(...) is null
JavaScript error: https://www.ifgoiano.edu.br/home/index.php/component/content/category/160-noticias-anteriores.html, line 83: ReferenceError: Tips is not defined
JavaScript warning: https://vlibras.gov.br/app2/vlibras-plugin.js, line 81: unreachable code after return statement
1658259916515	Marionette	INFO	Stopped listening on port 33001
Missing chrome or resource URL: resource://gre/modules/UpdateListener.jsm
Missing chrome or resource URL: resource://gre/modules/UpdateListener.sys.mjs
console.error: "Error during quit-application-granted: [Exception... \"File error: Not found\"  nsresult: \"0x80520012 (NS_ERROR_FILE_NOT_FOUND)\"  location: \"JS frame :: resource:///modules/BrowserGlue.jsm :: _onQuitApplicationGranted/tasks< :: line 1996\"  data: no]"
1658260236114	geckodriver	INFO	Listening on 127.0.0.1:50311
1658260236661	mozrunner::runner	INFO	Running command: "/usr/bin/firefox" "--marionette" "--remote-debugging-port" "37709" "--remote-allow-hosts" "localhost" "-no-remote" "-profile" "/tmp/rust_mozprofileEBvcuB"
ATTENTION: default value of option mesa_glthread overridden by environment.
ATTENTION: default value of option mesa_glthread overridden by environment.
ATTENTION: default value of option mesa_glthread overridden by environment.
ATTENTION: default value of option mesa_glthread overridden by environment.
1658260237387	Marionette	INFO	Marionette enabled
1658260237389	Marionette	INFO	Listening on port 45575
WebDriver BiDi listening on ws://localhost:37709
Read port: 45575
1658260237518	RemoteAgent	WARN	TLS certificate errors will be ignored for this session
console.warn: SearchSettings: "get: No settings file exists, new profile?" (new NotFoundError("Could not open the file at /tmp/rust_mozprofileEBvcuB/search.json.mozlz4", (void 0)))
Missing chrome or resource URL: resource://gre/modules/UpdateListener.jsm
Missing chrome or resource URL: resource://gre/modules/UpdateListener.sys.mjs
DevTools listening on ws://localhost:37709/devtools/browser/85d602f1-0bee-4ca1-902a-8dc14f95352e
1658260255635	geckodriver	INFO	Listening on 127.0.0.1:52629
1658260256169	mozrunner::runner	INFO	Running command: "/usr/bin/firefox" "--marionette" "--remote-debugging-port" "57757" "--remote-allow-hosts" "localhost" "-no-remote" "-profile" "/tmp/rust_mozprofileqJldIw"
ATTENTION: default value of option mesa_glthread overridden by environment.
ATTENTION: default value of option mesa_glthread overridden by environment.
ATTENTION: default value of option mesa_glthread overridden by environment.
ATTENTION: default value of option mesa_glthread overridden by environment.
1658260256847	Marionette	INFO	Marionette enabled
1658260256850	Marionette	INFO	Listening on port 32927
WebDriver BiDi listening on ws://localhost:57757
Read port: 32927
1658260256951	RemoteAgent	WARN	TLS certificate errors will be ignored for this session
console.warn: SearchSettings: "get: No settings file exists, new profile?" (new NotFoundError("Could not open the file at /tmp/rust_mozprofileqJldIw/search.json.mozlz4", (void 0)))
Missing chrome or resource URL: resource://gre/modules/UpdateListener.jsm
Missing chrome or resource URL: resource://gre/modules/UpdateListener.sys.mjs
DevTools listening on ws://localhost:57757/devtools/browser/ecfeaefe-f5a0-46bd-b9e6-abfa2fcf5c22
Missing chrome or resource URL: resource://gre/modules/UpdateListener.jsm
Missing chrome or resource URL: resource://gre/modules/UpdateListener.sys.mjs
console.error: "Error during quit-application-granted: [Exception... \"File error: Not found\"  nsresult: \"0x80520012 (NS_ERROR_FILE_NOT_FOUND)\"  location: \"JS frame :: resource:///modules/BrowserGlue.jsm :: _onQuitApplicationGranted/tasks< :: line 1996\"  data: no]"
1658260271715	Marionette	INFO	Stopped listening on port 45575
console.warn: TopSitesFeed: Failed to fetch data from Contile server: NetworkError when attempting to fetch resource.
Missing chrome or resource URL: resource://gre/modules/UpdateListener.jsm
Missing chrome or resource URL: resource://gre/modules/UpdateListener.sys.mjs
console.error: "Error during quit-application-granted: [Exception... \"File error: Not found\"  nsresult: \"0x80520012 (NS_ERROR_FILE_NOT_FOUND)\"  location: \"JS frame :: resource:///modules/BrowserGlue.jsm :: _onQuitApplicationGranted/tasks< :: line 1996\"  data: no]"
1658260272196	Marionette	INFO	Stopped listening on port 32927
console.warn: TopSitesFeed: Failed to fetch data from Contile server: NetworkError when attempting to fetch resource.
1658260276318	geckodriver	INFO	Listening on 127.0.0.1:60141
1658260276858	mozrunner::runner	INFO	Running command: "/usr/bin/firefox" "--marionette" "--remote-debugging-port" "40157" "--remote-allow-hosts" "localhost" "-no-remote" "-profile" "/tmp/rust_mozprofilePibqkH"
ATTENTION: default value of option mesa_glthread overridden by environment.
ATTENTION: default value of option mesa_glthread overridden by environment.
ATTENTION: default value of option mesa_glthread overridden by environment.
ATTENTION: default value of option mesa_glthread overridden by environment.
1658260277511	Marionette	INFO	Marionette enabled
1658260277514	Marionette	INFO	Listening on port 38027
WebDriver BiDi listening on ws://localhost:40157
Read port: 38027
1658260277613	RemoteAgent	WARN	TLS certificate errors will be ignored for this session
console.warn: SearchSettings: "get: No settings file exists, new profile?" (new NotFoundError("Could not open the file at /tmp/rust_mozprofilePibqkH/search.json.mozlz4", (void 0)))
Missing chrome or resource URL: resource://gre/modules/UpdateListener.jsm
Missing chrome or resource URL: resource://gre/modules/UpdateListener.sys.mjs
DevTools listening on ws://localhost:40157/devtools/browser/868d3a26-8a0a-4b05-a7d5-0a4166bc6159
JavaScript error: https://barra.brasil.gov.br/barra.js?cor=verde, line 1: TypeError: document.getElementById(...) is null
JavaScript error: https://www.ifgoiano.edu.br/home/media/system/js/mootools-more.js, line 13: ReferenceError: MooTools is not defined
JavaScript error: https://barra.brasil.gov.br/barra.js?cor=verde, line 1: TypeError: document.getElementById(...) is null
JavaScript error: https://www.ifgoiano.edu.br/home/index.php/component/content/category/160-noticias-anteriores.html, line 83: ReferenceError: Tips is not defined
JavaScript warning: https://vlibras.gov.br/app2/vlibras-plugin.js, line 81: unreachable code after return statement
Missing chrome or resource URL: resource://gre/modules/UpdateListener.jsm
Missing chrome or resource URL: resource://gre/modules/UpdateListener.sys.mjs
console.error: "Error during quit-application-granted: [Exception... \"File error: Not found\"  nsresult: \"0x80520012 (NS_ERROR_FILE_NOT_FOUND)\"  location: \"JS frame :: resource:///modules/BrowserGlue.jsm :: _onQuitApplicationGranted/tasks< :: line 1996\"  data: no]"
1658260975738	Marionette	INFO	Stopped listening on port 38027
console.warn: TopSitesFeed: Failed to fetch data from Contile server: NetworkError when attempting to fetch resource.
1658260985753	geckodriver	INFO	Listening on 127.0.0.1:36333
1658260986301	mozrunner::runner	INFO	Running command: "/usr/bin/firefox" "--marionette" "--remote-debugging-port" "39537" "--remote-allow-hosts" "localhost" "-no-remote" "-profile" "/tmp/rust_mozprofilezev34f"
ATTENTION: default value of option mesa_glthread overridden by environment.
ATTENTION: default value of option mesa_glthread overridden by environment.
ATTENTION: default value of option mesa_glthread overridden by environment.
ATTENTION: default value of option mesa_glthread overridden by environment.
1658260987050	Marionette	INFO	Marionette enabled
1658260987053	Marionette	INFO	Listening on port 45637
WebDriver BiDi listening on ws://localhost:39537
Read port: 45637
1658260987163	RemoteAgent	WARN	TLS certificate errors will be ignored for this session
console.warn: SearchSettings: "get: No settings file exists, new profile?" (new NotFoundError("Could not open the file at /tmp/rust_mozprofilezev34f/search.json.mozlz4", (void 0)))
Missing chrome or resource URL: resource://gre/modules/UpdateListener.jsm
Missing chrome or resource URL: resource://gre/modules/UpdateListener.sys.mjs
DevTools listening on ws://localhost:39537/devtools/browser/88cca33d-0cab-470e-881b-99522b98fa35
JavaScript error: https://barra.brasil.gov.br/barra.js?cor=verde, line 1: TypeError: document.getElementById(...) is null
1658260991230	Marionette	WARN	Ignoring event 'DOMContentLoaded' because document has an invalid readyState of 'complete'.
JavaScript error: https://www.ifgoiano.edu.br/home/media/system/js/mootools-more.js, line 13: ReferenceError: MooTools is not defined
JavaScript error: https://barra.brasil.gov.br/barra.js?cor=verde, line 1: TypeError: document.getElementById(...) is null
JavaScript error: https://www.ifgoiano.edu.br/home/index.php/component/content/category/160-noticias-anteriores.html, line 83: ReferenceError: Tips is not defined
JavaScript warning: https://vlibras.gov.br/app2/vlibras-plugin.js, line 81: unreachable code after return statement
1658261023207	geckodriver	INFO	Listening on 127.0.0.1:44985
1658261023749	mozrunner::runner	INFO	Running command: "/usr/bin/firefox" "--marionette" "--remote-debugging-port" "60289" "--remote-allow-hosts" "localhost" "-no-remote" "-profile" "/tmp/rust_mozprofilep2wspL"
ATTENTION: default value of option mesa_glthread overridden by environment.
ATTENTION: default value of option mesa_glthread overridden by environment.
ATTENTION: default value of option mesa_glthread overridden by environment.
ATTENTION: default value of option mesa_glthread overridden by environment.
1658261024605	Marionette	INFO	Marionette enabled
1658261024610	Marionette	INFO	Listening on port 45511
WebDriver BiDi listening on ws://localhost:60289
Read port: 45511
1658261024762	RemoteAgent	WARN	TLS certificate errors will be ignored for this session
console.warn: SearchSettings: "get: No settings file exists, new profile?" (new NotFoundError("Could not open the file at /tmp/rust_mozprofilep2wspL/search.json.mozlz4", (void 0)))
Missing chrome or resource URL: resource://gre/modules/UpdateListener.jsm
Missing chrome or resource URL: resource://gre/modules/UpdateListener.sys.mjs
console.error: "Error during quit-application-granted: [Exception... \"File error: Not found\"  nsresult: \"0x80520012 (NS_ERROR_FILE_NOT_FOUND)\"  location: \"JS frame :: resource:///modules/BrowserGlue.jsm :: _onQuitApplicationGranted/tasks< :: line 1996\"  data: no]"
1658261025843	Marionette	INFO	Stopped listening on port 45511
1658261025855	CDP	WARN	Failed to remove undefined (Could not parse path (undefined): NS_ERROR_FILE_UNRECOGNIZED_PATH)
console.warn: TopSitesFeed: Failed to fetch data from Contile server: NetworkError when attempting to fetch resource.
console.error: Region.jsm: "Error fetching region" (new TypeError("NetworkError when attempting to fetch resource.", ""))
console.error: Region.jsm: "Failed to fetch region" (new Error("NO_RESULT", "resource://gre/modules/Region.jsm", 419))
Exiting due to channel error.
Missing chrome or resource URL: resource://gre/modules/UpdateListener.jsm
Missing chrome or resource URL: resource://gre/modules/UpdateListener.sys.mjs
console.error: "Error during quit-application-granted: [Exception... \"File error: Not found\"  nsresult: \"0x80520012 (NS_ERROR_FILE_NOT_FOUND)\"  location: \"JS frame :: resource:///modules/BrowserGlue.jsm :: _onQuitApplicationGranted/tasks< :: line 1996\"  data: no]"
1658261026642	Marionette	INFO	Stopped listening on port 45637
console.warn: TopSitesFeed: Failed to fetch data from Contile server: NetworkError when attempting to fetch resource.
1658261029229	geckodriver	INFO	Listening on 127.0.0.1:34913
1658261029762	mozrunner::runner	INFO	Running command: "/usr/bin/firefox" "--marionette" "--remote-debugging-port" "40105" "--remote-allow-hosts" "localhost" "-no-remote" "-profile" "/tmp/rust_mozprofileAmtXoa"
ATTENTION: default value of option mesa_glthread overridden by environment.
ATTENTION: default value of option mesa_glthread overridden by environment.
ATTENTION: default value of option mesa_glthread overridden by environment.
ATTENTION: default value of option mesa_glthread overridden by environment.
1658261030409	Marionette	INFO	Marionette enabled
1658261030412	Marionette	INFO	Listening on port 46395
WebDriver BiDi listening on ws://localhost:40105
Read port: 46395
1658261030510	RemoteAgent	WARN	TLS certificate errors will be ignored for this session
console.warn: SearchSettings: "get: No settings file exists, new profile?" (new NotFoundError("Could not open the file at /tmp/rust_mozprofileAmtXoa/search.json.mozlz4", (void 0)))
Missing chrome or resource URL: resource://gre/modules/UpdateListener.jsm
Missing chrome or resource URL: resource://gre/modules/UpdateListener.sys.mjs
DevTools listening on ws://localhost:40105/devtools/browser/2662f8be-045f-4801-b218-5cc4864121d1
JavaScript error: https://barra.brasil.gov.br/barra.js?cor=verde, line 1: TypeError: document.getElementById(...) is null
1658261032676	Marionette	WARN	Ignoring event 'DOMContentLoaded' because document has an invalid readyState of 'complete'.
JavaScript error: https://www.ifgoiano.edu.br/home/media/system/js/mootools-more.js, line 13: ReferenceError: MooTools is not defined
JavaScript error: https://barra.brasil.gov.br/barra.js?cor=verde, line 1: TypeError: document.getElementById(...) is null
JavaScript error: https://www.ifgoiano.edu.br/home/index.php/component/content/category/160-noticias-anteriores.html, line 83: ReferenceError: Tips is not defined
JavaScript error: , line 0: NotFoundError: No such JSWindowActor 'DevToolsFrame'
Missing chrome or resource URL: resource://gre/modules/UpdateListener.jsm
Missing chrome or resource URL: resource://gre/modules/UpdateListener.sys.mjs
console.error: "Error during quit-application-granted: [Exception... \"File error: Not found\"  nsresult: \"0x80520012 (NS_ERROR_FILE_NOT_FOUND)\"  location: \"JS frame :: resource:///modules/BrowserGlue.jsm :: _onQuitApplicationGranted/tasks< :: line 1996\"  data: no]"
1658261329123	Marionette	INFO	Stopped listening on port 46395
console.warn: TopSitesFeed: Failed to fetch data from Contile server: NetworkError when attempting to fetch resource.
1658261332149	geckodriver	INFO	Listening on 127.0.0.1:59659
1658261332698	mozrunner::runner	INFO	Running command: "/usr/bin/firefox" "--marionette" "--remote-debugging-port" "38731" "--remote-allow-hosts" "localhost" "-no-remote" "-profile" "/tmp/rust_mozprofile8dEsun"
ATTENTION: default value of option mesa_glthread overridden by environment.
ATTENTION: default value of option mesa_glthread overridden by environment.
ATTENTION: default value of option mesa_glthread overridden by environment.
ATTENTION: default value of option mesa_glthread overridden by environment.
1658261333373	Marionette	INFO	Marionette enabled
1658261333377	Marionette	INFO	Listening on port 39309
WebDriver BiDi listening on ws://localhost:38731
Read port: 39309
1658261333481	RemoteAgent	WARN	TLS certificate errors will be ignored for this session
console.warn: SearchSettings: "get: No settings file exists, new profile?" (new NotFoundError("Could not open the file at /tmp/rust_mozprofile8dEsun/search.json.mozlz4", (void 0)))
Missing chrome or resource URL: resource://gre/modules/UpdateListener.jsm
Missing chrome or resource URL: resource://gre/modules/UpdateListener.sys.mjs
DevTools listening on ws://localhost:38731/devtools/browser/0de1b5e7-b5c9-4d4f-9f74-bb171cfde6a7
JavaScript error: https://barra.brasil.gov.br/barra.js?cor=verde, line 1: TypeError: document.getElementById(...) is null
1658261335886	Marionette	WARN	Ignoring event 'DOMContentLoaded' because document has an invalid readyState of 'complete'.
JavaScript error: https://www.ifgoiano.edu.br/home/media/system/js/mootools-more.js, line 13: ReferenceError: MooTools is not defined
JavaScript error: https://barra.brasil.gov.br/barra.js?cor=verde, line 1: TypeError: document.getElementById(...) is null
JavaScript error: https://www.ifgoiano.edu.br/home/index.php/component/content/category/160-noticias-anteriores.html, line 83: ReferenceError: Tips is not defined
Missing chrome or resource URL: resource://gre/modules/UpdateListener.jsm
Missing chrome or resource URL: resource://gre/modules/UpdateListener.sys.mjs
console.error: "Error during quit-application-granted: [Exception... \"File error: Not found\"  nsresult: \"0x80520012 (NS_ERROR_FILE_NOT_FOUND)\"  location: \"JS frame :: resource:///modules/BrowserGlue.jsm :: _onQuitApplicationGranted/tasks< :: line 1996\"  data: no]"
1658261741475	Marionette	INFO	Stopped listening on port 39309
console.warn: TopSitesFeed: Failed to fetch data from Contile server: NetworkError when attempting to fetch resource.
Sandbox: Unexpected EOF, op 0 flags 00 path /proc/cpuinfo
1658261744366	geckodriver	INFO	Listening on 127.0.0.1:44123
1658261744927	mozrunner::runner	INFO	Running command: "/usr/bin/firefox" "--marionette" "--remote-debugging-port" "38063" "--remote-allow-hosts" "localhost" "-no-remote" "-profile" "/tmp/rust_mozprofilePEnDVZ"
ATTENTION: default value of option mesa_glthread overridden by environment.
ATTENTION: default value of option mesa_glthread overridden by environment.
ATTENTION: default value of option mesa_glthread overridden by environment.
ATTENTION: default value of option mesa_glthread overridden by environment.
1658261745544	Marionette	INFO	Marionette enabled
1658261745547	Marionette	INFO	Listening on port 44857
WebDriver BiDi listening on ws://localhost:38063
Read port: 44857
1658261745743	RemoteAgent	WARN	TLS certificate errors will be ignored for this session
console.warn: SearchSettings: "get: No settings file exists, new profile?" (new NotFoundError("Could not open the file at /tmp/rust_mozprofilePEnDVZ/search.json.mozlz4", (void 0)))
Missing chrome or resource URL: resource://gre/modules/UpdateListener.jsm
Missing chrome or resource URL: resource://gre/modules/UpdateListener.sys.mjs
DevTools listening on ws://localhost:38063/devtools/browser/57cde9c9-26b7-4c4d-ac9a-2944fd048e1d
JavaScript error: https://barra.brasil.gov.br/barra.js?cor=verde, line 1: TypeError: document.getElementById(...) is null
JavaScript error: https://www.ifgoiano.edu.br/home/media/system/js/mootools-more.js, line 13: ReferenceError: MooTools is not defined
JavaScript error: https://barra.brasil.gov.br/barra.js?cor=verde, line 1: TypeError: document.getElementById(...) is null
JavaScript error: https://www.ifgoiano.edu.br/home/index.php/component/content/category/160-noticias-anteriores.html, line 83: ReferenceError: Tips is not defined
JavaScript warning: https://vlibras.gov.br/app2/vlibras-plugin.js, line 81: unreachable code after return statement
Missing chrome or resource URL: resource://gre/modules/UpdateListener.jsm
Missing chrome or resource URL: resource://gre/modules/UpdateListener.sys.mjs
console.error: "Error during quit-application-granted: [Exception... \"File error: Not found\"  nsresult: \"0x80520012 (NS_ERROR_FILE_NOT_FOUND)\"  location: \"JS frame :: resource:///modules/BrowserGlue.jsm :: _onQuitApplicationGranted/tasks< :: line 1996\"  data: no]"
1658262168741	Marionette	INFO	Stopped listening on port 44857
console.warn: TopSitesFeed: Failed to fetch data from Contile server: NetworkError when attempting to fetch resource.
1658262173143	geckodriver	INFO	Listening on 127.0.0.1:42755
1658262173689	mozrunner::runner	INFO	Running command: "/usr/bin/firefox" "--marionette" "--remote-debugging-port" "43167" "--remote-allow-hosts" "localhost" "-no-remote" "-profile" "/tmp/rust_mozprofile2tJg1k"
ATTENTION: default value of option mesa_glthread overridden by environment.
ATTENTION: default value of option mesa_glthread overridden by environment.
ATTENTION: default value of option mesa_glthread overridden by environment.
ATTENTION: default value of option mesa_glthread overridden by environment.
1658262174593	Marionette	INFO	Marionette enabled
1658262174597	Marionette	INFO	Listening on port 35731
WebDriver BiDi listening on ws://localhost:43167
Read port: 35731
1658262174737	RemoteAgent	WARN	TLS certificate errors will be ignored for this session
console.warn: SearchSettings: "get: No settings file exists, new profile?" (new NotFoundError("Could not open the file at /tmp/rust_mozprofile2tJg1k/search.json.mozlz4", (void 0)))
Missing chrome or resource URL: resource://gre/modules/UpdateListener.jsm
Missing chrome or resource URL: resource://gre/modules/UpdateListener.sys.mjs
DevTools listening on ws://localhost:43167/devtools/browser/9b9a29c2-b596-44ad-9e2e-561fe4334a52
Missing chrome or resource URL: resource://gre/modules/UpdateListener.jsm
Missing chrome or resource URL: resource://gre/modules/UpdateListener.sys.mjs
console.error: "Error during quit-application-granted: [Exception... \"File error: Not found\"  nsresult: \"0x80520012 (NS_ERROR_FILE_NOT_FOUND)\"  location: \"JS frame :: resource:///modules/BrowserGlue.jsm :: _onQuitApplicationGranted/tasks< :: line 1996\"  data: no]"
1658262195624	Marionette	INFO	Stopped listening on port 35731
console.warn: TopSitesFeed: Failed to fetch data from Contile server: NetworkError when attempting to fetch resource.
1658262252578	geckodriver	INFO	Listening on 127.0.0.1:48217
1658262253110	mozrunner::runner	INFO	Running command: "/usr/bin/firefox" "--marionette" "--remote-debugging-port" "32883" "--remote-allow-hosts" "localhost" "-no-remote" "-profile" "/tmp/rust_mozprofileYQoG4h"
ATTENTION: default value of option mesa_glthread overridden by environment.
ATTENTION: default value of option mesa_glthread overridden by environment.
ATTENTION: default value of option mesa_glthread overridden by environment.
ATTENTION: default value of option mesa_glthread overridden by environment.
1658262253745	Marionette	INFO	Marionette enabled
1658262253749	Marionette	INFO	Listening on port 38799
WebDriver BiDi listening on ws://localhost:32883
Read port: 38799
1658262253850	RemoteAgent	WARN	TLS certificate errors will be ignored for this session
console.warn: SearchSettings: "get: No settings file exists, new profile?" (new NotFoundError("Could not open the file at /tmp/rust_mozprofileYQoG4h/search.json.mozlz4", (void 0)))
Missing chrome or resource URL: resource://gre/modules/UpdateListener.jsm
Missing chrome or resource URL: resource://gre/modules/UpdateListener.sys.mjs
DevTools listening on ws://localhost:32883/devtools/browser/76653514-c65e-462f-9778-9d85862b2745
JavaScript error: https://barra.brasil.gov.br/barra.js?cor=verde, line 1: TypeError: document.getElementById(...) is null
1658262255991	Marionette	WARN	Ignoring event 'DOMContentLoaded' because document has an invalid readyState of 'complete'.
JavaScript error: https://www.ifgoiano.edu.br/home/media/system/js/mootools-more.js, line 13: ReferenceError: MooTools is not defined
JavaScript error: https://barra.brasil.gov.br/barra.js?cor=verde, line 1: TypeError: document.getElementById(...) is null
JavaScript error: https://www.ifgoiano.edu.br/home/index.php/component/content/category/160-noticias-anteriores.html, line 83: ReferenceError: Tips is not defined
JavaScript warning: https://vlibras.gov.br/app2/vlibras-plugin.js, line 81: unreachable code after return statement
JavaScript error: https://barra.brasil.gov.br/barra.js?cor=verde, line 1: TypeError: document.getElementById(...) is null
JavaScript warning: https://vlibras.gov.br/app2/vlibras-plugin.js, line 81: unreachable code after return statement
1658262328730	Marionette	WARN	Ignoring event 'pageshow' because document has an invalid readyState of 'uninitialized'.
1658262328740	Marionette	WARN	Ignoring event 'pageshow' because document has an invalid readyState of 'uninitialized'.
1658262328745	Marionette	WARN	Ignoring event 'pageshow' because document has an invalid readyState of 'uninitialized'.
JavaScript error: https://www.ifgoiano.edu.br/home/media/system/js/mootools-more.js, line 13: ReferenceError: MooTools is not defined
JavaScript error: https://barra.brasil.gov.br/barra.js?cor=verde, line 1: TypeError: document.getElementById(...) is null
JavaScript error: https://www.ifgoiano.edu.br/home/index.php/component/content/category/160-noticias-anteriores.html, line 83: ReferenceError: Tips is not defined
JavaScript warning: https://vlibras.gov.br/app2/vlibras-plugin.js, line 81: unreachable code after return statement
Missing chrome or resource URL: resource://gre/modules/UpdateListener.jsm
Missing chrome or resource URL: resource://gre/modules/UpdateListener.sys.mjs
console.error: "Error during quit-application-granted: [Exception... \"File error: Not found\"  nsresult: \"0x80520012 (NS_ERROR_FILE_NOT_FOUND)\"  location: \"JS frame :: resource:///modules/BrowserGlue.jsm :: _onQuitApplicationGranted/tasks< :: line 1996\"  data: no]"
1658263114534	Marionette	INFO	Stopped listening on port 38799
console.warn: TopSitesFeed: Failed to fetch data from Contile server: NetworkError when attempting to fetch resource.
Sandbox: Unexpected EOF, op 0 flags 00 path /proc/cpuinfo
1658263118724	geckodriver	INFO	Listening on 127.0.0.1:35403
1658263119275	mozrunner::runner	INFO	Running command: "/usr/bin/firefox" "--marionette" "--remote-debugging-port" "38897" "--remote-allow-hosts" "localhost" "-no-remote" "-profile" "/tmp/rust_mozprofileXE5cI5"
ATTENTION: default value of option mesa_glthread overridden by environment.
ATTENTION: default value of option mesa_glthread overridden by environment.
ATTENTION: default value of option mesa_glthread overridden by environment.
ATTENTION: default value of option mesa_glthread overridden by environment.
1658263120012	Marionette	INFO	Marionette enabled
1658263120017	Marionette	INFO	Listening on port 33921
WebDriver BiDi listening on ws://localhost:38897
Read port: 33921
1658263120131	RemoteAgent	WARN	TLS certificate errors will be ignored for this session
console.warn: SearchSettings: "get: No settings file exists, new profile?" (new NotFoundError("Could not open the file at /tmp/rust_mozprofileXE5cI5/search.json.mozlz4", (void 0)))
Missing chrome or resource URL: resource://gre/modules/UpdateListener.jsm
Missing chrome or resource URL: resource://gre/modules/UpdateListener.sys.mjs
DevTools listening on ws://localhost:38897/devtools/browser/1532d228-bdfb-4fea-a918-e8fc5868c14f
JavaScript error: https://barra.brasil.gov.br/barra.js?cor=verde, line 1: TypeError: document.getElementById(...) is null
1658263122739	Marionette	WARN	Ignoring event 'DOMContentLoaded' because document has an invalid readyState of 'complete'.
JavaScript error: https://www.ifgoiano.edu.br/home/media/system/js/mootools-more.js, line 13: ReferenceError: MooTools is not defined
JavaScript error: https://barra.brasil.gov.br/barra.js?cor=verde, line 1: TypeError: document.getElementById(...) is null
JavaScript error: https://www.ifgoiano.edu.br/home/index.php/component/content/category/160-noticias-anteriores.html, line 83: ReferenceError: Tips is not defined
JavaScript warning: https://vlibras.gov.br/app2/vlibras-plugin.js, line 81: unreachable code after return statement
JavaScript error: https://barra.brasil.gov.br/barra.js?cor=verde, line 1: TypeError: document.getElementById(...) is null
JavaScript warning: https://vlibras.gov.br/app2/vlibras-plugin.js, line 81: unreachable code after return statement
1658263181749	Marionette	WARN	Ignoring event 'pageshow' because document has an invalid readyState of 'uninitialized'.
1658263181778	Marionette	WARN	Ignoring event 'pageshow' because document has an invalid readyState of 'uninitialized'.
1658263181778	Marionette	WARN	Ignoring event 'pageshow' because document has an invalid readyState of 'uninitialized'.
JavaScript error: https://www.ifgoiano.edu.br/home/media/system/js/mootools-more.js, line 13: ReferenceError: MooTools is not defined
JavaScript error: https://barra.brasil.gov.br/barra.js?cor=verde, line 1: TypeError: document.getElementById(...) is null
JavaScript error: https://www.ifgoiano.edu.br/home/index.php/component/content/category/160-noticias-anteriores.html, line 83: ReferenceError: Tips is not defined
JavaScript warning: https://vlibras.gov.br/app2/vlibras-plugin.js, line 81: unreachable code after return statement
JavaScript error: https://barra.brasil.gov.br/barra.js?cor=verde, line 1: TypeError: document.getElementById(...) is null
JavaScript warning: https://vlibras.gov.br/app2/vlibras-plugin.js, line 81: unreachable code after return statement
1658263440506	Marionette	WARN	Ignoring event 'pageshow' because document has an invalid readyState of 'uninitialized'.
1658263440521	Marionette	WARN	Ignoring event 'pageshow' because document has an invalid readyState of 'uninitialized'.
1658263440523	Marionette	WARN	Ignoring event 'pageshow' because document has an invalid readyState of 'uninitialized'.
JavaScript error: https://www.ifgoiano.edu.br/home/media/system/js/mootools-more.js, line 13: ReferenceError: MooTools is not defined
JavaScript error: https://barra.brasil.gov.br/barra.js?cor=verde, line 1: TypeError: document.getElementById(...) is null
JavaScript error: https://www.ifgoiano.edu.br/home/index.php/component/content/category/160-noticias-anteriores.html, line 83: ReferenceError: Tips is not defined
JavaScript warning: https://vlibras.gov.br/app2/vlibras-plugin.js, line 81: unreachable code after return statement
Exiting due to channel error.
Exiting due to channel error.
Exiting due to channel error.
